Watching for file changes with StatReloader
[30/Nov/2025 00:10:36] "GET / HTTP/1.1" 200 0
[30/Nov/2025 00:11:52] "GET / HTTP/1.1" 200 0
[30/Nov/2025 00:12:05] "GET / HTTP/1.1" 200 0
[30/Nov/2025 00:12:25] "GET / HTTP/1.1" 200 0
[30/Nov/2025 00:12:25] "GET /upload/ HTTP/1.1" 200 13065
[30/Nov/2025 00:12:25] "GET /reels/ HTTP/1.1" 200 23277
[30/Nov/2025 00:12:33] "GET /upload/ HTTP/1.1" 200 13065
[30/Nov/2025 00:13:16] "GET / HTTP/1.1" 200 0
[30/Nov/2025 00:18:53] "GET / HTTP/1.1" 200 10211
[30/Nov/2025 00:22:55] "GET / HTTP/1.1" 200 5163
[30/Nov/2025 00:22:55] "GET /static/css/tailwind.css HTTP/1.1" 404 1908
[30/Nov/2025 00:22:58] "GET /upload/ HTTP/1.1" 200 13065
[30/Nov/2025 00:22:58] "GET /static/css/tailwind.css HTTP/1.1" 404 1908
[30/Nov/2025 00:24:35] "GET / HTTP/1.1" 200 5163
[30/Nov/2025 00:24:35] "GET /static/css/tailwind.css HTTP/1.1" 404 1908
[30/Nov/2025 00:24:38] "GET /upload/ HTTP/1.1" 200 13065
[30/Nov/2025 00:24:38] "GET /static/css/tailwind.css HTTP/1.1" 404 1908
[30/Nov/2025 00:24:49] "POST /upload/ HTTP/1.1" 200 206
[30/Nov/2025 00:24:51] "GET / HTTP/1.1" 200 5476
[30/Nov/2025 00:24:51] "GET /static/css/tailwind.css HTTP/1.1" 404 1908
[30/Nov/2025 00:24:51] "GET /media/videos/Screen%20Recording%202025-11-30%20002338.mp4 HTTP/1.1" 200 389736
[30/Nov/2025 00:24:54] "GET /reels/Screen%20Recording%202025-11-30%20002338.mp4/ HTTP/1.1" 200 24032
[30/Nov/2025 00:24:54] "GET /media/videos/Screen%20Recording%202025-11-30%20002338.mp4 HTTP/1.1" 304 0
[30/Nov/2025 00:24:54] "GET /static/css/tailwind.css HTTP/1.1" 404 1908
[30/Nov/2025 00:25:23] "GET / HTTP/1.1" 200 5476
[30/Nov/2025 00:25:23] "GET /static/css/tailwind.css HTTP/1.1" 404 1908
[30/Nov/2025 00:25:23] "GET /media/videos/Screen%20Recording%202025-11-30%20002338.mp4 HTTP/1.1" 304 0
[30/Nov/2025 00:25:27] "GET /upload/ HTTP/1.1" 200 13065
[30/Nov/2025 00:25:27] "GET /static/css/tailwind.css HTTP/1.1" 404 1908
[30/Nov/2025 00:25:38] "POST /upload/ HTTP/1.1" 200 206
[30/Nov/2025 00:25:39] "GET / HTTP/1.1" 200 5476
[30/Nov/2025 00:25:40] "GET /static/css/tailwind.css HTTP/1.1" 404 1908
[30/Nov/2025 00:25:40] "GET /media/videos/Screen%20Recording%202025-11-30%20002338.mp4 HTTP/1.1" 200 389736
[30/Nov/2025 00:25:43] "GET /reels/Screen%20Recording%202025-11-30%20002338.mp4/ HTTP/1.1" 200 24032
[30/Nov/2025 00:25:43] "GET /static/css/tailwind.css HTTP/1.1" 404 1908
[30/Nov/2025 00:25:43] "GET /media/videos/Screen%20Recording%202025-11-30%20002338.mp4 HTTP/1.1" 200 389736
[30/Nov/2025 00:25:46] "GET / HTTP/1.1" 200 5476
[30/Nov/2025 00:25:46] "GET /media/videos/Screen%20Recording%202025-11-30%20002338.mp4 HTTP/1.1" 304 0
[30/Nov/2025 00:25:46] "GET /static/css/tailwind.css HTTP/1.1" 404 1908
[30/Nov/2025 00:25:48] "GET /upload/ HTTP/1.1" 200 13065
[30/Nov/2025 00:25:48] "GET /static/css/tailwind.css HTTP/1.1" 404 1908
[30/Nov/2025 00:25:58] "POST /upload/ HTTP/1.1" 200 206
[30/Nov/2025 00:25:59] "GET / HTTP/1.1" 200 6057
[30/Nov/2025 00:25:59] "GET /static/css/tailwind.css HTTP/1.1" 404 1908
[30/Nov/2025 00:25:59] "GET /media/videos/Screen%20Recording%202025-05-06%20180402.mp4 HTTP/1.1" 200 80850904
[30/Nov/2025 00:26:01] "GET /reels/Screen%20Recording%202025-05-06%20180402.mp4/ HTTP/1.1" 200 24749
[30/Nov/2025 00:26:01,145] - Broken pipe from ('127.0.0.1', 51266)
[30/Nov/2025 00:26:01] "GET /media/videos/Screen%20Recording%202025-11-30%20002338.mp4 HTTP/1.1" 304 0
[30/Nov/2025 00:26:01] "GET /static/css/tailwind.css HTTP/1.1" 404 1908
[30/Nov/2025 00:26:01] "GET /media/videos/Screen%20Recording%202025-05-06%20180402.mp4 HTTP/1.1" 200 80850904
[30/Nov/2025 00:26:15] "GET / HTTP/1.1" 200 6057
[30/Nov/2025 00:26:15,221] - Broken pipe from ('127.0.0.1', 60864)
[30/Nov/2025 00:26:15] "GET /static/css/tailwind.css HTTP/1.1" 404 1908
[30/Nov/2025 00:26:15] "GET /media/videos/Screen%20Recording%202025-11-30%20002338.mp4 HTTP/1.1" 304 0
[30/Nov/2025 00:26:15] "GET /media/videos/Screen%20Recording%202025-05-06%20180402.mp4 HTTP/1.1" 200 80850904
[30/Nov/2025 00:26:16] "GET /reels/Screen%20Recording%202025-11-30%20002338.mp4/ HTTP/1.1" 200 24749
[30/Nov/2025 00:26:16,902] - Broken pipe from ('127.0.0.1', 58831)
[30/Nov/2025 00:26:16] "GET /static/css/tailwind.css HTTP/1.1" 404 1908
[30/Nov/2025 00:26:17] "GET /media/videos/Screen%20Recording%202025-05-06%20180402.mp4 HTTP/1.1" 200 80850904
[30/Nov/2025 00:26:26] "GET / HTTP/1.1" 200 6057
[30/Nov/2025 00:26:26,949] - Broken pipe from ('127.0.0.1', 49672)
[30/Nov/2025 00:26:26] "GET /media/videos/Screen%20Recording%202025-11-30%20002338.mp4 HTTP/1.1" 304 0
[30/Nov/2025 00:26:26] "GET /static/css/tailwind.css HTTP/1.1" 404 1908
[30/Nov/2025 00:26:27] "GET /media/videos/Screen%20Recording%202025-05-06%20180402.mp4 HTTP/1.1" 200 80850904
[30/Nov/2025 00:26:28] "GET /reels/Screen%20Recording%202025-05-06%20180402.mp4/ HTTP/1.1" 200 24749
[30/Nov/2025 00:26:28,027] - Broken pipe from ('127.0.0.1', 55397)
[30/Nov/2025 00:26:28] "GET /static/css/tailwind.css HTTP/1.1" 404 1908
[30/Nov/2025 00:26:28] "GET /media/videos/Screen%20Recording%202025-05-06%20180402.mp4 HTTP/1.1" 200 80850904
[30/Nov/2025 00:26:51] "GET / HTTP/1.1" 200 6057
[30/Nov/2025 00:26:51,233] - Broken pipe from ('127.0.0.1', 60823)
[30/Nov/2025 00:26:51] "GET /media/videos/Screen%20Recording%202025-11-30%20002338.mp4 HTTP/1.1" 304 0
[30/Nov/2025 00:26:51] "GET /static/css/tailwind.css HTTP/1.1" 404 1908
[30/Nov/2025 00:26:51] "GET /media/videos/Screen%20Recording%202025-05-06%20180402.mp4 HTTP/1.1" 200 80850904
[30/Nov/2025 00:26:54] "GET /reels/Screen%20Recording%202025-05-06%20180402.mp4/ HTTP/1.1" 200 24749
[30/Nov/2025 00:26:54,810] - Broken pipe from ('127.0.0.1', 60743)
[30/Nov/2025 00:26:54] "GET /static/css/tailwind.css HTTP/1.1" 404 1908
[30/Nov/2025 00:26:55] "GET /media/videos/Screen%20Recording%202025-05-06%20180402.mp4 HTTP/1.1" 200 80850904
[30/Nov/2025 00:26:57,994] - Broken pipe from ('127.0.0.1', 54851)
[30/Nov/2025 00:26:58] "GET /media/videos/Screen%20Recording%202025-05-06%20180402.mp4 HTTP/1.1" 200 80850904
[30/Nov/2025 00:27:15,586] - Broken pipe from ('127.0.0.1', 52899)
[30/Nov/2025 00:28:16] "GET /reels/Screen%20Recording%202025-05-06%20180402.mp4/ HTTP/1.1" 200 24749
[30/Nov/2025 00:28:16] "GET /media/videos/Screen%20Recording%202025-11-30%20002338.mp4 HTTP/1.1" 304 0
[30/Nov/2025 00:28:16] "GET /static/css/tailwind.css HTTP/1.1" 404 1908
[30/Nov/2025 00:28:16] "GET /media/videos/Screen%20Recording%202025-05-06%20180402.mp4 HTTP/1.1" 200 80850904
[30/Nov/2025 00:28:25] "GET / HTTP/1.1" 200 6057
[30/Nov/2025 00:28:25,117] - Broken pipe from ('127.0.0.1', 62164)
[30/Nov/2025 00:28:25] "GET /static/css/tailwind.css HTTP/1.1" 404 1908
[30/Nov/2025 00:28:25] "GET /media/videos/Screen%20Recording%202025-05-06%20180402.mp4 HTTP/1.1" 200 80850904
[30/Nov/2025 00:28:26] "GET /reels/Screen%20Recording%202025-11-30%20002338.mp4/ HTTP/1.1" 200 24749
[30/Nov/2025 00:28:26,599] - Broken pipe from ('127.0.0.1', 53518)
[30/Nov/2025 00:28:26] "GET /static/css/tailwind.css HTTP/1.1" 404 1908
[30/Nov/2025 00:28:26] "GET /media/videos/Screen%20Recording%202025-05-06%20180402.mp4 HTTP/1.1" 200 80850904
[30/Nov/2025 00:28:29] "GET / HTTP/1.1" 200 6057
[30/Nov/2025 00:28:29,164] - Broken pipe from ('127.0.0.1', 56507)
[30/Nov/2025 00:28:29] "GET /static/css/tailwind.css HTTP/1.1" 404 1908
[30/Nov/2025 00:28:29] "GET /media/videos/Screen%20Recording%202025-05-06%20180402.mp4 HTTP/1.1" 200 80850904
[30/Nov/2025 00:28:46,109] - Broken pipe from ('127.0.0.1', 60830)
[30/Nov/2025 00:29:05] "GET /admin/ HTTP/1.1" 302 0
[30/Nov/2025 00:29:06] "GET /admin/login/?next=/admin/ HTTP/1.1" 200 4327
[30/Nov/2025 00:29:06] "GET /static/admin/css/base.css HTTP/1.1" 200 21544
[30/Nov/2025 00:29:06] "GET /static/admin/css/dark_mode.css HTTP/1.1" 304 0
[30/Nov/2025 00:29:06] "GET /static/admin/css/rtl.css HTTP/1.1" 200 4977
[30/Nov/2025 00:29:06] "GET /static/admin/css/login.css HTTP/1.1" 200 958
[30/Nov/2025 00:29:06] "GET /static/admin/css/nav_sidebar.css HTTP/1.1" 304 0
[30/Nov/2025 00:29:06] "GET /static/admin/css/responsive.css HTTP/1.1" 304 0
[30/Nov/2025 00:29:06] "GET /static/admin/css/responsive_rtl.css HTTP/1.1" 304 0
[30/Nov/2025 00:29:06] "GET /static/admin/js/nav_sidebar.js HTTP/1.1" 200 3063
[30/Nov/2025 00:29:06] "GET /static/admin/js/theme.js HTTP/1.1" 200 1943
[30/Nov/2025 00:29:14] "POST /admin/login/?next=/admin/ HTTP/1.1" 302 0
[30/Nov/2025 00:29:14] "GET /admin/ HTTP/1.1" 200 5785
[30/Nov/2025 00:29:14] "GET /static/admin/css/dashboard.css HTTP/1.1" 200 441
[30/Nov/2025 00:29:14] "GET /static/admin/img/icon-addlink.svg HTTP/1.1" 200 331
[30/Nov/2025 00:29:14] "GET /static/admin/img/icon-changelink.svg HTTP/1.1" 200 380
[30/Nov/2025 00:29:20] "GET /admin/auth/group/ HTTP/1.1" 200 7575
[30/Nov/2025 00:29:20] "GET /static/admin/css/changelists.css HTTP/1.1" 200 6811
[30/Nov/2025 00:29:20] "GET /static/admin/js/jquery.init.js HTTP/1.1" 200 347
[30/Nov/2025 00:29:20] "GET /static/admin/js/actions.js HTTP/1.1" 200 8067
[30/Nov/2025 00:29:20] "GET /static/admin/js/admin/RelatedObjectLookups.js HTTP/1.1" 200 9042
[30/Nov/2025 00:29:20] "GET /static/admin/js/core.js HTTP/1.1" 200 6208
[30/Nov/2025 00:29:20] "GET /static/admin/js/prepopulate.js HTTP/1.1" 200 1531
[30/Nov/2025 00:29:20] "GET /static/admin/js/urlify.js HTTP/1.1" 200 7887
[30/Nov/2025 00:29:20] "GET /static/admin/js/vendor/xregexp/xregexp.js HTTP/1.1" 200 325171
[30/Nov/2025 00:29:20] "GET /static/admin/js/vendor/jquery/jquery.js HTTP/1.1" 200 285314
[30/Nov/2025 00:29:20] "GET /static/admin/img/search.svg HTTP/1.1" 200 458
[30/Nov/2025 00:29:20] "GET /static/admin/js/filters.js HTTP/1.1" 200 978
[30/Nov/2025 00:29:20] "GET /admin/jsi18n/ HTTP/1.1" 200 14010
[30/Nov/2025 00:29:20] "GET /static/admin/img/tooltag-add.svg HTTP/1.1" 200 331
[30/Nov/2025 00:29:22] "GET /admin/auth/user/ HTTP/1.1" 200 11342
[30/Nov/2025 00:29:22] "GET /static/admin/img/icon-yes.svg HTTP/1.1" 200 436
[30/Nov/2025 00:29:22] "GET /admin/jsi18n/ HTTP/1.1" 200 14010
[30/Nov/2025 00:29:22] "GET /static/admin/img/icon-viewlink.svg HTTP/1.1" 200 581
[30/Nov/2025 00:29:22] "GET /static/admin/img/sorting-icons.svg HTTP/1.1" 200 1097
[30/Nov/2025 00:29:25] "GET /admin/auth/group/ HTTP/1.1" 200 7575
[30/Nov/2025 00:29:25] "GET /admin/jsi18n/ HTTP/1.1" 200 14010
[30/Nov/2025 00:29:30] "GET /admin/auth/user/ HTTP/1.1" 200 11342
[30/Nov/2025 00:29:30] "GET /admin/jsi18n/ HTTP/1.1" 200 14010
[30/Nov/2025 00:29:31] "GET /admin/auth/group/ HTTP/1.1" 200 7575
[30/Nov/2025 00:29:31] "GET /admin/jsi18n/ HTTP/1.1" 200 14010
[30/Nov/2025 00:29:32] "GET /admin/auth/user/ HTTP/1.1" 200 11342
[30/Nov/2025 00:29:32] "GET /admin/jsi18n/ HTTP/1.1" 200 14010
[30/Nov/2025 00:29:34] "GET /admin/auth/group/ HTTP/1.1" 200 7575
[30/Nov/2025 00:29:34] "GET /admin/jsi18n/ HTTP/1.1" 200 14010
[30/Nov/2025 00:29:38] "GET /admin/auth/user/ HTTP/1.1" 200 11342
[30/Nov/2025 00:29:38] "GET /admin/jsi18n/ HTTP/1.1" 200 14010
